[2024-01-24 15:55:06] Server     INFO  Apache Jena Fuseki 4.6.1
[2024-01-24 15:55:06] Server     INFO  Configuration file: ../.fuseki.ttl
[2024-01-24 15:55:06] Server     INFO  Path = /tutorial2
[2024-01-24 15:55:06] Server     INFO  System
[2024-01-24 15:55:06] Server     INFO    Memory: 3.9 GiB
[2024-01-24 15:55:06] Server     INFO    Java:   17.0.8.1
[2024-01-24 15:55:06] Server     INFO    OS:     Windows 11 10.0 amd64
[2024-01-24 15:55:06] Server     INFO    PID:    3140
[2024-01-24 15:55:06] Server     INFO  Start Fuseki (http=3030)
[2024-01-24 22:05:10] Fuseki     INFO  [1] GET http://localhost:3030/tutorial2
[2024-01-24 22:05:10] Fuseki     INFO  [1] 200 OK (88 ms)
[2024-01-24 22:05:11] Fuseki     INFO  [2] POST http://localhost:3030/tutorial2?graph=http://example.com/tutorial2/vocabulary/mission
[2024-01-24 22:05:11] Fuseki     INFO  [2] Body: Content-Length=2434, Content-Type=application/rdf+xml, Charset=null => RDF/XML : Count=16 Triples=16 Quads=0
[2024-01-24 22:05:11] Fuseki     INFO  [2] 201 Created (137 ms)
[2024-01-24 22:05:11] Fuseki     INFO  [3] POST http://localhost:3030/tutorial2?graph=http://example.com/tutorial2/vocabulary/bundle
[2024-01-24 22:05:11] Fuseki     INFO  [3] Body: Content-Length=1452, Content-Type=application/rdf+xml, Charset=null => RDF/XML : Count=4 Triples=4 Quads=0
[2024-01-24 22:05:11] Fuseki     INFO  [3] 201 Created (18 ms)
[2024-01-24 22:05:11] Fuseki     INFO  [4] POST http://localhost:3030/tutorial2?graph=http://example.com/tutorial2/description/objectives
[2024-01-24 22:05:11] Fuseki     INFO  [4] Body: Content-Length=6586, Content-Type=application/rdf+xml, Charset=null => RDF/XML : Count=41 Triples=41 Quads=0
[2024-01-24 22:05:11] Fuseki     INFO  [4] 201 Created (35 ms)
[2024-01-24 22:05:11] Fuseki     INFO  [5] POST http://localhost:3030/tutorial2?graph=http://example.com/tutorial2/description/bundle/individuals
[2024-01-24 22:05:11] Fuseki     INFO  [5] Body: Content-Length=7991, Content-Type=text/turtle, Charset=null => Turtle : Count=83 Triples=83 Quads=0
[2024-01-24 22:05:11] Fuseki     INFO  [5] 201 Created (28 ms)
[2024-01-24 22:05:11] Fuseki     INFO  [6] POST http://localhost:3030/tutorial2?graph=http://example.com/tutorial2/vocabulary/base
[2024-01-24 22:05:11] Fuseki     INFO  [6] Body: Content-Length=10529, Content-Type=application/rdf+xml, Charset=null => RDF/XML : Count=80 Triples=80 Quads=0
[2024-01-24 22:05:11] Fuseki     INFO  [6] 201 Created (30 ms)
[2024-01-24 22:05:11] Fuseki     INFO  [7] POST http://localhost:3030/tutorial2?graph=http://example.com/tutorial2/description/bundle/properties
[2024-01-24 22:05:11] Fuseki     INFO  [7] Body: Content-Length=2532, Content-Type=text/turtle, Charset=null => Turtle : Count=30 Triples=30 Quads=0
[2024-01-24 22:05:11] Fuseki     INFO  [7] 201 Created (9 ms)
[2024-01-24 22:05:11] Fuseki     INFO  [8] POST http://localhost:3030/tutorial2?graph=http://example.com/tutorial2/description/bundle/classes
[2024-01-24 22:05:11] Fuseki     INFO  [8] Body: Content-Length=2300, Content-Type=text/turtle, Charset=null => Turtle : Count=28 Triples=28 Quads=0
[2024-01-24 22:05:11] Fuseki     INFO  [8] 201 Created (17 ms)
[2024-01-24 22:05:11] Fuseki     INFO  [9] POST http://localhost:3030/tutorial2?graph=http://example.com/tutorial2/description/bundle
[2024-01-24 22:05:11] Fuseki     INFO  [9] Body: Content-Length=1013, Content-Type=application/rdf+xml, Charset=null => RDF/XML : Count=4 Triples=4 Quads=0
[2024-01-24 22:05:11] Fuseki     INFO  [9] 201 Created (8 ms)
[2024-01-24 22:05:11] Fuseki     INFO  [10] GET http://localhost:3030/tutorial2/sparql?query=PREFIX%20%20mission:%20%3Chttp://example.com/tutorial2/vocabulary/mission%23%3E%0APREFIX%20%20base:%20%3Chttp://example.com/tutorial2/vocabulary/base%23%3E%0A%0ASELECT%20DISTINCT%20%20?o1_id%20?o1_name%20?o2_id%20?o2_name%0AWHERE%0A%20%20%7B%20?o1%20%20%20a%20%20%20%20%20%20%20%20%20%20%20%20%20%20%20%20%20%20%20%20%20mission:Objective%20%3B%0A%20%20%20%20%20%20%20%20%20%20base:hasIdentifier%20%20%20%20?o1_id%20%3B%0A%20%20%20%20%20%20%20%20%20%20base:hasCanonicalName%20%20?o1_name%20%3B%0A%20%20%20%20%20%20%20%20%20%20base:aggregates%20%20%20%20%20%20%20_:b0%20.%0A%20%20%20%20_:b0%20%20base:hasIdentifier%20%20%20%20?o2_id%20%3B%0A%20%20%20%20%20%20%20%20%20%20base:hasCanonicalName%20%20?o2_name%0A%20%20%7D%0AORDER%20BY%20?o1_id%20?o2_id%0A
[2024-01-24 22:05:11] Fuseki     INFO  [10] Query = PREFIX  mission: <http://example.com/tutorial2/vocabulary/mission#> PREFIX  base: <http://example.com/tutorial2/vocabulary/base#>  SELECT DISTINCT  ?o1_id ?o1_name ?o2_id ?o2_name WHERE   { ?o1   a                     mission:Objective ;           base:hasIdentifier    ?o1_id ;           base:hasCanonicalName  ?o1_name ;           base:aggregates       _:b0 .     _:b0  base:hasIdentifier    ?o2_id ;           base:hasCanonicalName  ?o2_name   } ORDER BY ?o1_id ?o2_id 
[2024-01-24 22:05:11] Fuseki     INFO  [10] 200 OK (74 ms)
[2024-01-25 11:11:20] Fuseki     INFO  [11] GET http://localhost:3030/tutorial2
[2024-01-25 11:11:20] Fuseki     INFO  [11] 200 OK (278 ms)
[2024-01-25 11:11:21] Fuseki     INFO  [12] DELETE http://localhost:3030/tutorial2?graph=http://example.com/tutorial2/description/bundle/properties
[2024-01-25 11:11:21] Fuseki     INFO  [12] 204 No Content (16 ms)
[2024-01-25 11:11:21] Fuseki     INFO  [13] DELETE http://localhost:3030/tutorial2?graph=http://example.com/tutorial2/vocabulary/mission
[2024-01-25 11:11:21] Fuseki     INFO  [13] 204 No Content (11 ms)
[2024-01-25 11:11:21] Fuseki     INFO  [14] DELETE http://localhost:3030/tutorial2?graph=http://example.com/tutorial2/vocabulary/bundle
[2024-01-25 11:11:21] Fuseki     INFO  [14] 204 No Content (6 ms)
[2024-01-25 11:11:21] Fuseki     INFO  [15] DELETE http://localhost:3030/tutorial2?graph=http://example.com/tutorial2/description/objectives
[2024-01-25 11:11:21] Fuseki     INFO  [15] 204 No Content (12 ms)
[2024-01-25 11:11:21] Fuseki     INFO  [16] DELETE http://localhost:3030/tutorial2?graph=http://example.com/tutorial2/description/bundle/individuals
[2024-01-25 11:11:21] Fuseki     INFO  [16] 204 No Content (10 ms)
[2024-01-25 11:11:21] Fuseki     INFO  [17] DELETE http://localhost:3030/tutorial2?graph=http://example.com/tutorial2/description/bundle/classes
[2024-01-25 11:11:21] Fuseki     INFO  [17] 204 No Content (4 ms)
[2024-01-25 11:11:21] Fuseki     INFO  [18] DELETE http://localhost:3030/tutorial2?graph=http://example.com/tutorial2/description/bundle
[2024-01-25 11:11:21] Fuseki     INFO  [18] 204 No Content (3 ms)
[2024-01-25 11:11:21] Fuseki     INFO  [19] DELETE http://localhost:3030/tutorial2?graph=http://example.com/tutorial2/vocabulary/base
[2024-01-25 11:11:21] Fuseki     INFO  [19] 204 No Content (12 ms)
[2024-01-25 11:11:21] Fuseki     INFO  [20] POST http://localhost:3030/tutorial2?graph=http://example.com/tutorial2/description/bundle/individuals
[2024-01-25 11:11:21] Fuseki     INFO  [20] Body: Content-Length=8369, Content-Type=text/turtle, Charset=null => Turtle : Count=87 Triples=87 Quads=0
[2024-01-25 11:11:21] Fuseki     INFO  [20] 201 Created (54 ms)
[2024-01-25 11:11:21] Fuseki     INFO  [21] POST http://localhost:3030/tutorial2?graph=http://example.com/tutorial2/vocabulary/base
[2024-01-25 11:11:21] Fuseki     INFO  [21] Body: Content-Length=10529, Content-Type=application/rdf+xml, Charset=null => RDF/XML : Count=80 Triples=80 Quads=0
[2024-01-25 11:11:21] Fuseki     INFO  [21] 201 Created (89 ms)
[2024-01-25 11:11:21] Fuseki     INFO  [22] POST http://localhost:3030/tutorial2?graph=http://example.com/tutorial2/description/bundle/properties
[2024-01-25 11:11:21] Fuseki     INFO  [22] Body: Content-Length=3290, Content-Type=text/turtle, Charset=null => Turtle : Count=38 Triples=38 Quads=0
[2024-01-25 11:11:21] Fuseki     INFO  [22] 201 Created (25 ms)
[2024-01-25 11:11:21] Fuseki     INFO  [23] POST http://localhost:3030/tutorial2?graph=http://example.com/tutorial2/description/bundle/classes
[2024-01-25 11:11:21] Fuseki     INFO  [23] Body: Content-Length=2927, Content-Type=text/turtle, Charset=null => Turtle : Count=35 Triples=35 Quads=0
[2024-01-25 11:11:21] Fuseki     INFO  [23] 201 Created (20 ms)
[2024-01-25 11:11:21] Fuseki     INFO  [24] POST http://localhost:3030/tutorial2?graph=http://example.com/tutorial2/description/bundle
[2024-01-25 11:11:21] Fuseki     INFO  [24] Body: Content-Length=1013, Content-Type=application/rdf+xml, Charset=null => RDF/XML : Count=4 Triples=4 Quads=0
[2024-01-25 11:11:21] Fuseki     INFO  [24] 201 Created (16 ms)
[2024-01-25 11:11:21] Fuseki     INFO  [25] POST http://localhost:3030/tutorial2?graph=http://example.com/tutorial2/vocabulary/mission
[2024-01-25 11:11:22] Fuseki     INFO  [25] Body: Content-Length=8877, Content-Type=application/rdf+xml, Charset=null => RDF/XML : Count=70 Triples=70 Quads=0
[2024-01-25 11:11:22] Fuseki     INFO  [25] 201 Created (44 ms)
[2024-01-25 11:11:22] Fuseki     INFO  [26] POST http://localhost:3030/tutorial2?graph=http://example.com/tutorial2/vocabulary/bundle
[2024-01-25 11:11:22] Fuseki     INFO  [26] Body: Content-Length=1766, Content-Type=application/rdf+xml, Charset=null => RDF/XML : Count=13 Triples=13 Quads=0
[2024-01-25 11:11:22] Fuseki     INFO  [26] 201 Created (19 ms)
[2024-01-25 11:11:22] Fuseki     INFO  [27] POST http://localhost:3030/tutorial2?graph=http://example.com/tutorial2/description/objectives
[2024-01-25 11:11:22] Fuseki     INFO  [27] Body: Content-Length=6586, Content-Type=application/rdf+xml, Charset=null => RDF/XML : Count=41 Triples=41 Quads=0
[2024-01-25 11:11:22] Fuseki     INFO  [27] 201 Created (26 ms)
[2024-01-25 11:11:22] Fuseki     INFO  [28] GET http://localhost:3030/tutorial2/sparql?query=PREFIX%20%20mission:%20%3Chttp://example.com/tutorial2/vocabulary/mission%23%3E%0APREFIX%20%20base:%20%3Chttp://example.com/tutorial2/vocabulary/base%23%3E%0A%0ASELECT%20DISTINCT%20%20?o1_id%20?o1_name%20?o2_id%20?o2_name%0AWHERE%0A%20%20%7B%20?o1%20%20%20a%20%20%20%20%20%20%20%20%20%20%20%20%20%20%20%20%20%20%20%20%20mission:Objective%20%3B%0A%20%20%20%20%20%20%20%20%20%20base:hasIdentifier%20%20%20%20?o1_id%20%3B%0A%20%20%20%20%20%20%20%20%20%20base:hasCanonicalName%20%20?o1_name%20%3B%0A%20%20%20%20%20%20%20%20%20%20base:aggregates%20%20%20%20%20%20%20_:b0%20.%0A%20%20%20%20_:b0%20%20base:hasIdentifier%20%20%20%20?o2_id%20%3B%0A%20%20%20%20%20%20%20%20%20%20base:hasCanonicalName%20%20?o2_name%0A%20%20%7D%0AORDER%20BY%20?o1_id%20?o2_id%0A
[2024-01-25 11:11:22] Fuseki     INFO  [28] Query = PREFIX  mission: <http://example.com/tutorial2/vocabulary/mission#> PREFIX  base: <http://example.com/tutorial2/vocabulary/base#>  SELECT DISTINCT  ?o1_id ?o1_name ?o2_id ?o2_name WHERE   { ?o1   a                     mission:Objective ;           base:hasIdentifier    ?o1_id ;           base:hasCanonicalName  ?o1_name ;           base:aggregates       _:b0 .     _:b0  base:hasIdentifier    ?o2_id ;           base:hasCanonicalName  ?o2_name   } ORDER BY ?o1_id ?o2_id 
[2024-01-25 11:11:22] Fuseki     INFO  [28] 200 OK (30 ms)
[2024-01-25 16:07:37] Fuseki     INFO  [29] GET http://localhost:3030/tutorial2
[2024-01-25 16:07:37] Fuseki     INFO  [29] 200 OK (90 ms)
[2024-01-25 16:07:37] Fuseki     INFO  [30] DELETE http://localhost:3030/tutorial2?graph=http://example.com/tutorial2/description/bundle/properties
[2024-01-25 16:07:37] Fuseki     INFO  [30] 204 No Content (11 ms)
[2024-01-25 16:07:37] Fuseki     INFO  [31] DELETE http://localhost:3030/tutorial2?graph=http://example.com/tutorial2/vocabulary/mission
[2024-01-25 16:07:37] Fuseki     INFO  [31] 204 No Content (7 ms)
[2024-01-25 16:07:37] Fuseki     INFO  [32] DELETE http://localhost:3030/tutorial2?graph=http://example.com/tutorial2/vocabulary/bundle
[2024-01-25 16:07:37] Fuseki     INFO  [32] 204 No Content (4 ms)
[2024-01-25 16:07:37] Fuseki     INFO  [33] DELETE http://localhost:3030/tutorial2?graph=http://example.com/tutorial2/description/objectives
[2024-01-25 16:07:37] Fuseki     INFO  [33] 204 No Content (5 ms)
[2024-01-25 16:07:37] Fuseki     INFO  [34] DELETE http://localhost:3030/tutorial2?graph=http://example.com/tutorial2/description/bundle/individuals
[2024-01-25 16:07:37] Fuseki     INFO  [34] 204 No Content (22 ms)
[2024-01-25 16:07:37] Fuseki     INFO  [35] DELETE http://localhost:3030/tutorial2?graph=http://example.com/tutorial2/description/bundle/classes
[2024-01-25 16:07:37] Fuseki     INFO  [35] 204 No Content (9 ms)
[2024-01-25 16:07:37] Fuseki     INFO  [36] DELETE http://localhost:3030/tutorial2?graph=http://example.com/tutorial2/description/bundle
[2024-01-25 16:07:37] Fuseki     INFO  [36] 204 No Content (2 ms)
[2024-01-25 16:07:37] Fuseki     INFO  [37] DELETE http://localhost:3030/tutorial2?graph=http://example.com/tutorial2/vocabulary/base
[2024-01-25 16:07:37] Fuseki     INFO  [37] 204 No Content (11 ms)
[2024-01-25 16:07:38] Fuseki     INFO  [38] POST http://localhost:3030/tutorial2?graph=http://example.com/tutorial2/vocabulary/mission
[2024-01-25 16:07:38] Fuseki     INFO  [38] Body: Content-Length=8877, Content-Type=application/rdf+xml, Charset=null => RDF/XML : Count=70 Triples=70 Quads=0
[2024-01-25 16:07:38] Fuseki     INFO  [38] 201 Created (82 ms)
[2024-01-25 16:07:38] Fuseki     INFO  [39] POST http://localhost:3030/tutorial2?graph=http://example.com/tutorial2/description/bundle/classes
[2024-01-25 16:07:38] Fuseki     INFO  [39] Body: Content-Length=2927, Content-Type=text/turtle, Charset=null => Turtle : Count=35 Triples=35 Quads=0
[2024-01-25 16:07:38] Fuseki     INFO  [39] 201 Created (37 ms)
[2024-01-25 16:07:38] Fuseki     INFO  [40] POST http://localhost:3030/tutorial2?graph=http://example.com/tutorial2/vocabulary/bundle
[2024-01-25 16:07:38] Fuseki     INFO  [40] Body: Content-Length=1766, Content-Type=application/rdf+xml, Charset=null => RDF/XML : Count=13 Triples=13 Quads=0
[2024-01-25 16:07:38] Fuseki     INFO  [40] 201 Created (36 ms)
[2024-01-25 16:07:38] Fuseki     INFO  [41] POST http://localhost:3030/tutorial2?graph=http://example.com/tutorial2/description/missions
[2024-01-25 16:07:38] Fuseki     INFO  [41] Body: Content-Length=3954, Content-Type=application/rdf+xml, Charset=null => RDF/XML : Count=21 Triples=21 Quads=0
[2024-01-25 16:07:38] Fuseki     INFO  [41] 201 Created (29 ms)
[2024-01-25 16:07:38] Fuseki     INFO  [42] POST http://localhost:3030/tutorial2?graph=http://example.com/tutorial2/description/bundle/properties
[2024-01-25 16:07:38] Fuseki     INFO  [42] Body: Content-Length=3290, Content-Type=text/turtle, Charset=null => Turtle : Count=38 Triples=38 Quads=0
[2024-01-25 16:07:38] Fuseki     INFO  [42] 201 Created (24 ms)
[2024-01-25 16:07:38] Fuseki     INFO  [43] POST http://localhost:3030/tutorial2?graph=http://example.com/tutorial2/vocabulary/base
[2024-01-25 16:07:38] Fuseki     INFO  [43] Body: Content-Length=10529, Content-Type=application/rdf+xml, Charset=null => RDF/XML : Count=80 Triples=80 Quads=0
[2024-01-25 16:07:38] Fuseki     INFO  [43] 201 Created (62 ms)
[2024-01-25 16:07:38] Fuseki     INFO  [44] POST http://localhost:3030/tutorial2?graph=http://example.com/tutorial2/description/bundle/individuals
[2024-01-25 16:07:38] Fuseki     INFO  [44] Body: Content-Length=10511, Content-Type=text/turtle, Charset=null => Turtle : Count=109 Triples=109 Quads=0
[2024-01-25 16:07:38] Fuseki     INFO  [44] 201 Created (37 ms)
[2024-01-25 16:07:38] Fuseki     INFO  [45] POST http://localhost:3030/tutorial2?graph=http://example.com/tutorial2/description/objectives
[2024-01-25 16:07:38] Fuseki     INFO  [45] Body: Content-Length=6586, Content-Type=application/rdf+xml, Charset=null => RDF/XML : Count=41 Triples=41 Quads=0
[2024-01-25 16:07:38] Fuseki     INFO  [45] 201 Created (27 ms)
[2024-01-25 16:07:38] Fuseki     INFO  [46] POST http://localhost:3030/tutorial2?graph=http://example.com/tutorial2/description/bundle
[2024-01-25 16:07:38] Fuseki     INFO  [46] Body: Content-Length=1101, Content-Type=application/rdf+xml, Charset=null => RDF/XML : Count=5 Triples=5 Quads=0
[2024-01-25 16:07:38] Fuseki     INFO  [46] 201 Created (15 ms)
[2024-01-25 16:07:38] Fuseki     INFO  [47] GET http://localhost:3030/tutorial2/sparql?query=PREFIX%20%20mission:%20%3Chttp://example.com/tutorial2/vocabulary/mission%23%3E%0APREFIX%20%20base:%20%3Chttp://example.com/tutorial2/vocabulary/base%23%3E%0A%0ASELECT%20DISTINCT%20%20?m_id%20?m_name%20?o_id%20?o_name%0AWHERE%0A%20%20%7B%20?m%20%20%20%20a%20%20%20%20%20%20%20%20%20%20%20%20%20%20%20%20%20%20%20%20%20mission:Mission%20%3B%0A%20%20%20%20%20%20%20%20%20%20base:hasIdentifier%20%20%20%20?m_id%20%3B%0A%20%20%20%20%20%20%20%20%20%20base:hasCanonicalName%20%20?m_name%20%3B%0A%20%20%20%20%20%20%20%20%20%20mission:pursues%20%20%20%20%20%20%20_:b0%20.%0A%20%20%20%20_:b0%20%20a%20%20%20%20%20%20%20%20%20%20%20%20%20%20%20%20%20%20%20%20%20mission:Objective%20%3B%0A%20%20%20%20%20%20%20%20%20%20base:hasIdentifier%20%20%20%20?o_id%20%3B%0A%20%20%20%20%20%20%20%20%20%20base:hasCanonicalName%20%20?o_name%0A%20%20%7D%0AORDER%20BY%20?m_id%20?o_id%0A
[2024-01-25 16:07:38] Fuseki     INFO  [47] Query = PREFIX  mission: <http://example.com/tutorial2/vocabulary/mission#> PREFIX  base: <http://example.com/tutorial2/vocabulary/base#>  SELECT DISTINCT  ?m_id ?m_name ?o_id ?o_name WHERE   { ?m    a                     mission:Mission ;           base:hasIdentifier    ?m_id ;           base:hasCanonicalName  ?m_name ;           mission:pursues       _:b0 .     _:b0  a                     mission:Objective ;           base:hasIdentifier    ?o_id ;           base:hasCanonicalName  ?o_name   } ORDER BY ?m_id ?o_id 
[2024-01-25 16:07:38] Fuseki     INFO  [48] GET http://localhost:3030/tutorial2/sparql?query=PREFIX%20%20mission:%20%3Chttp://example.com/tutorial2/vocabulary/mission%23%3E%0APREFIX%20%20base:%20%3Chttp://example.com/tutorial2/vocabulary/base%23%3E%0A%0ASELECT%20DISTINCT%20%20?o1_id%20?o1_name%20?o2_id%20?o2_name%0AWHERE%0A%20%20%7B%20?o1%20%20%20a%20%20%20%20%20%20%20%20%20%20%20%20%20%20%20%20%20%20%20%20%20mission:Objective%20%3B%0A%20%20%20%20%20%20%20%20%20%20base:hasIdentifier%20%20%20%20?o1_id%20%3B%0A%20%20%20%20%20%20%20%20%20%20base:hasCanonicalName%20%20?o1_name%20%3B%0A%20%20%20%20%20%20%20%20%20%20base:aggregates%20%20%20%20%20%20%20_:b0%20.%0A%20%20%20%20_:b0%20%20base:hasIdentifier%20%20%20%20?o2_id%20%3B%0A%20%20%20%20%20%20%20%20%20%20base:hasCanonicalName%20%20?o2_name%0A%20%20%7D%0AORDER%20BY%20?o1_id%20?o2_id%0A
[2024-01-25 16:07:38] Fuseki     INFO  [48] Query = PREFIX  mission: <http://example.com/tutorial2/vocabulary/mission#> PREFIX  base: <http://example.com/tutorial2/vocabulary/base#>  SELECT DISTINCT  ?o1_id ?o1_name ?o2_id ?o2_name WHERE   { ?o1   a                     mission:Objective ;           base:hasIdentifier    ?o1_id ;           base:hasCanonicalName  ?o1_name ;           base:aggregates       _:b0 .     _:b0  base:hasIdentifier    ?o2_id ;           base:hasCanonicalName  ?o2_name   } ORDER BY ?o1_id ?o2_id 
[2024-01-25 16:07:38] Fuseki     INFO  [48] 200 OK (20 ms)
[2024-01-25 16:07:38] Fuseki     INFO  [47] 200 OK (22 ms)
[2024-01-25 17:13:41] Fuseki     INFO  [49] GET http://localhost:3030/tutorial2
[2024-01-25 17:13:41] Fuseki     INFO  [49] 200 OK (69 ms)
[2024-01-25 17:13:41] Fuseki     INFO  [50] DELETE http://localhost:3030/tutorial2?graph=http://example.com/tutorial2/description/bundle/properties
[2024-01-25 17:13:41] Fuseki     INFO  [50] 204 No Content (12 ms)
[2024-01-25 17:13:41] Fuseki     INFO  [51] DELETE http://localhost:3030/tutorial2?graph=http://example.com/tutorial2/vocabulary/mission
[2024-01-25 17:13:41] Fuseki     INFO  [51] 204 No Content (11 ms)
[2024-01-25 17:13:41] Fuseki     INFO  [52] DELETE http://localhost:3030/tutorial2?graph=http://example.com/tutorial2/vocabulary/bundle
[2024-01-25 17:13:41] Fuseki     INFO  [52] 204 No Content (5 ms)
[2024-01-25 17:13:41] Fuseki     INFO  [53] DELETE http://localhost:3030/tutorial2?graph=http://example.com/tutorial2/description/objectives
[2024-01-25 17:13:41] Fuseki     INFO  [53] 204 No Content (9 ms)
[2024-01-25 17:13:41] Fuseki     INFO  [54] DELETE http://localhost:3030/tutorial2?graph=http://example.com/tutorial2/description/bundle/individuals
[2024-01-25 17:13:41] Fuseki     INFO  [54] 204 No Content (15 ms)
[2024-01-25 17:13:41] Fuseki     INFO  [55] DELETE http://localhost:3030/tutorial2?graph=http://example.com/tutorial2/description/bundle/classes
[2024-01-25 17:13:41] Fuseki     INFO  [55] 204 No Content (6 ms)
[2024-01-25 17:13:41] Fuseki     INFO  [56] DELETE http://localhost:3030/tutorial2?graph=http://example.com/tutorial2/description/missions
[2024-01-25 17:13:41] Fuseki     INFO  [56] 204 No Content (4 ms)
[2024-01-25 17:13:41] Fuseki     INFO  [57] DELETE http://localhost:3030/tutorial2?graph=http://example.com/tutorial2/description/bundle
[2024-01-25 17:13:41] Fuseki     INFO  [57] 204 No Content (3 ms)
[2024-01-25 17:13:41] Fuseki     INFO  [58] DELETE http://localhost:3030/tutorial2?graph=http://example.com/tutorial2/vocabulary/base
[2024-01-25 17:13:41] Fuseki     INFO  [58] 204 No Content (18 ms)
[2024-01-25 17:13:42] Fuseki     INFO  [59] POST http://localhost:3030/tutorial2?graph=http://example.com/tutorial2/description/components
[2024-01-25 17:13:42] Fuseki     INFO  [59] Body: Content-Length=11031, Content-Type=application/rdf+xml, Charset=null => RDF/XML : Count=80 Triples=80 Quads=0
[2024-01-25 17:13:42] Fuseki     INFO  [59] 201 Created (55 ms)
[2024-01-25 17:13:42] Fuseki     INFO  [60] POST http://localhost:3030/tutorial2?graph=http://example.com/tutorial2/description/bundle/individuals
[2024-01-25 17:13:43] Fuseki     INFO  [60] Body: Content-Length=113175, Content-Type=text/turtle, Charset=null => Turtle : Count=1373 Triples=1373 Quads=0
[2024-01-25 17:13:43] Fuseki     INFO  [60] 201 Created (361 ms)
[2024-01-25 17:13:43] Fuseki     INFO  [61] POST http://localhost:3030/tutorial2?graph=http://example.com/tutorial2/description/bundle/properties
[2024-01-25 17:13:43] Fuseki     INFO  [61] Body: Content-Length=17257, Content-Type=text/turtle, Charset=null => Turtle : Count=227 Triples=227 Quads=0
[2024-01-25 17:13:43] Fuseki     INFO  [61] 201 Created (53 ms)
[2024-01-25 17:13:43] Fuseki     INFO  [62] POST http://localhost:3030/tutorial2?graph=http://example.com/tutorial2/description/bundle/classes
[2024-01-25 17:13:43] Fuseki     INFO  [62] Body: Content-Length=23205, Content-Type=text/turtle, Charset=null => Turtle : Count=339 Triples=339 Quads=0
[2024-01-25 17:13:43] Fuseki     INFO  [62] 201 Created (157 ms)
[2024-01-25 17:13:43] Fuseki     INFO  [63] POST http://localhost:3030/tutorial2?graph=http://bipm.org/jcgm/vim4
[2024-01-25 17:13:43] Fuseki     INFO  [63] Body: Content-Length=187945, Content-Type=application/rdf+xml, Charset=null => RDF/XML : Count=1807 Triples=1807 Quads=0
[2024-01-25 17:13:43] Fuseki     INFO  [63] 201 Created (406 ms)
[2024-01-25 17:13:43] Fuseki     INFO  [64] POST http://localhost:3030/tutorial2?graph=http://purl.org/dc/elements/1.1
[2024-01-25 17:13:43] Fuseki     INFO  [64] Body: Content-Length=3542, Content-Type=application/rdf+xml, Charset=null => RDF/XML : Count=22 Triples=22 Quads=0
[2024-01-25 17:13:43] Fuseki     INFO  [64] 201 Created (14 ms)
[2024-01-25 17:13:43] Fuseki     INFO  [65] POST http://localhost:3030/tutorial2?graph=http://example.com/tutorial2/vocabulary/mechanical
[2024-01-25 17:13:43] Fuseki     INFO  [65] Body: Content-Length=3267, Content-Type=application/rdf+xml, Charset=null => RDF/XML : Count=26 Triples=26 Quads=0
[2024-01-25 17:13:43] Fuseki     INFO  [65] 201 Created (17 ms)
[2024-01-25 17:13:43] Fuseki     INFO  [66] POST http://localhost:3030/tutorial2?graph=http://iso.org/iso-80000-1
[2024-01-25 17:13:43] Fuseki     INFO  [66] Body: Content-Length=11534, Content-Type=application/rdf+xml, Charset=null => RDF/XML : Count=124 Triples=124 Quads=0
[2024-01-25 17:13:43] Fuseki     INFO  [66] 201 Created (34 ms)
[2024-01-25 17:13:43] Fuseki     INFO  [67] POST http://localhost:3030/tutorial2?graph=http://example.com/tutorial2/vocabulary/base
[2024-01-25 17:13:44] Fuseki     INFO  [67] Body: Content-Length=16152, Content-Type=application/rdf+xml, Charset=null => RDF/XML : Count=132 Triples=132 Quads=0
[2024-01-25 17:13:44] Fuseki     INFO  [67] 201 Created (36 ms)
[2024-01-25 17:13:44] Fuseki     INFO  [68] POST http://localhost:3030/tutorial2?graph=http://example.com/tutorial2/description/objectives
[2024-01-25 17:13:44] Fuseki     INFO  [68] Body: Content-Length=6586, Content-Type=application/rdf+xml, Charset=null => RDF/XML : Count=41 Triples=41 Quads=0
[2024-01-25 17:13:44] Fuseki     INFO  [68] 201 Created (21 ms)
[2024-01-25 17:13:44] Fuseki     INFO  [69] POST http://localhost:3030/tutorial2?graph=http://example.com/tutorial2/description/masses
[2024-01-25 17:13:44] Fuseki     INFO  [69] Body: Content-Length=13629, Content-Type=application/rdf+xml, Charset=null => RDF/XML : Count=67 Triples=67 Quads=0
[2024-01-25 17:13:44] Fuseki     INFO  [69] 201 Created (35 ms)
[2024-01-25 17:13:44] Fuseki     INFO  [70] POST http://localhost:3030/tutorial2?graph=http://example.com/tutorial2/vocabulary/mission
[2024-01-25 17:13:44] Fuseki     INFO  [70] Body: Content-Length=15200, Content-Type=application/rdf+xml, Charset=null => RDF/XML : Count=131 Triples=131 Quads=0
[2024-01-25 17:13:44] Fuseki     INFO  [70] 201 Created (41 ms)
[2024-01-25 17:13:44] Fuseki     INFO  [71] POST http://localhost:3030/tutorial2?graph=http://iso.org/iso-80000-4.1
[2024-01-25 17:13:44] Fuseki     INFO  [71] Body: Content-Length=5744, Content-Type=application/rdf+xml, Charset=null => RDF/XML : Count=41 Triples=41 Quads=0
[2024-01-25 17:13:44] Fuseki     INFO  [71] 201 Created (17 ms)
[2024-01-25 17:13:44] Fuseki     INFO  [72] POST http://localhost:3030/tutorial2?graph=http://iso.org/iso-1087-1
[2024-01-25 17:13:44] Fuseki     INFO  [72] Body: Content-Length=8160, Content-Type=application/rdf+xml, Charset=null => RDF/XML : Count=63 Triples=63 Quads=0
[2024-01-25 17:13:44] Fuseki     INFO  [72] 201 Created (19 ms)
[2024-01-25 17:13:44] Fuseki     INFO  [73] POST http://localhost:3030/tutorial2?graph=http://example.com/tutorial2/description/bundle
[2024-01-25 17:13:44] Fuseki     INFO  [73] Body: Content-Length=190049, Content-Type=application/rdf+xml, Charset=null => RDF/XML : Count=1934 Triples=1934 Quads=0
[2024-01-25 17:13:44] Fuseki     INFO  [73] 201 Created (316 ms)
[2024-01-25 17:13:44] Fuseki     INFO  [74] POST http://localhost:3030/tutorial2?graph=http://example.com/tutorial2/vocabulary/bundle
[2024-01-25 17:13:44] Fuseki     INFO  [74] Body: Content-Length=8744, Content-Type=application/rdf+xml, Charset=null => RDF/XML : Count=140 Triples=140 Quads=0
[2024-01-25 17:13:44] Fuseki     INFO  [74] 201 Created (65 ms)
[2024-01-25 17:13:44] Fuseki     INFO  [75] POST http://localhost:3030/tutorial2?graph=http://example.com/tutorial2/description/missions
[2024-01-25 17:13:44] Fuseki     INFO  [75] Body: Content-Length=5153, Content-Type=application/rdf+xml, Charset=null => RDF/XML : Count=31 Triples=31 Quads=0
[2024-01-25 17:13:44] Fuseki     INFO  [75] 201 Created (26 ms)
[2024-01-25 17:13:45] Fuseki     INFO  [76] GET http://localhost:3030/tutorial2/sparql?query=PREFIX%20%20mission:%20%3Chttp://example.com/tutorial2/vocabulary/mission%23%3E%0APREFIX%20%20vim4:%20%3Chttp://bipm.org/jcgm/vim4%23%3E%0APREFIX%20%20base:%20%3Chttp://example.com/tutorial2/vocabulary/base%23%3E%0A%0ASELECT%20DISTINCT%20%20?c1_id%20?c1_name%20?c1_mass%20?c2_id%20?c2_name%0AWHERE%0A%20%20%7B%20?c1%20%20a%20%20%20%20%20%20%20%20%20%20%20%20%20%20%20%20%20%20%20%20%20mission:Component%20%3B%0A%20%20%20%20%20%20%20%20%20base:hasIdentifier%20%20%20%20?c1_id%20%3B%0A%20%20%20%20%20%20%20%20%20base:hasCanonicalName%20%20?c1_name%0A%20%20%20%20OPTIONAL%0A%20%20%20%20%20%20%7B%20?c1%20%20base:isContainedIn%20%20%20%20?c2%20.%0A%20%20%20%20%20%20%20%20?c2%20%20base:hasIdentifier%20%20%20%20?c2_id%20%3B%0A%20%20%20%20%20%20%20%20%20%20%20%20%20base:hasCanonicalName%20%20?c2_name%0A%20%20%20%20%20%20%7D%0A%20%20%20%20OPTIONAL%0A%20%20%20%20%20%20%7B%20?c1_mass_mag%20%20vim4:characterizes%20%20?c1%20%3B%0A%20%20%20%20%20%20%20%20%20%20%20%20%20%20%20%20%20%20vim4:hasDoubleNumber%20%20?c1_mass%0A%20%20%20%20%20%20%7D%0A%20%20%7D%0AORDER%20BY%20?c1_id%20?c2_id%0A
[2024-01-25 17:13:45] Fuseki     INFO  [76] Query = PREFIX  mission: <http://example.com/tutorial2/vocabulary/mission#> PREFIX  vim4: <http://bipm.org/jcgm/vim4#> PREFIX  base: <http://example.com/tutorial2/vocabulary/base#>  SELECT DISTINCT  ?c1_id ?c1_name ?c1_mass ?c2_id ?c2_name WHERE   { ?c1  a                     mission:Component ;          base:hasIdentifier    ?c1_id ;          base:hasCanonicalName  ?c1_name     OPTIONAL       { ?c1  base:isContainedIn    ?c2 .         ?c2  base:hasIdentifier    ?c2_id ;              base:hasCanonicalName  ?c2_name       }     OPTIONAL       { ?c1_mass_mag  vim4:characterizes  ?c1 ;                   vim4:hasDoubleNumber  ?c1_mass       }   } ORDER BY ?c1_id ?c2_id 
[2024-01-25 17:13:45] Fuseki     INFO  [77] GET http://localhost:3030/tutorial2/sparql?query=PREFIX%20%20mission:%20%3Chttp://example.com/tutorial2/vocabulary/mission%23%3E%0APREFIX%20%20base:%20%3Chttp://example.com/tutorial2/vocabulary/base%23%3E%0A%0ASELECT%20DISTINCT%20%20?o1_id%20?o1_name%20?o2_id%20?o2_name%0AWHERE%0A%20%20%7B%20?o1%20%20%20a%20%20%20%20%20%20%20%20%20%20%20%20%20%20%20%20%20%20%20%20%20mission:Objective%20%3B%0A%20%20%20%20%20%20%20%20%20%20base:hasIdentifier%20%20%20%20?o1_id%20%3B%0A%20%20%20%20%20%20%20%20%20%20base:hasCanonicalName%20%20?o1_name%20%3B%0A%20%20%20%20%20%20%20%20%20%20base:aggregates%20%20%20%20%20%20%20_:b0%20.%0A%20%20%20%20_:b0%20%20base:hasIdentifier%20%20%20%20?o2_id%20%3B%0A%20%20%20%20%20%20%20%20%20%20base:hasCanonicalName%20%20?o2_name%0A%20%20%7D%0AORDER%20BY%20?o1_id%20?o2_id%0A
[2024-01-25 17:13:45] Fuseki     INFO  [77] Query = PREFIX  mission: <http://example.com/tutorial2/vocabulary/mission#> PREFIX  base: <http://example.com/tutorial2/vocabulary/base#>  SELECT DISTINCT  ?o1_id ?o1_name ?o2_id ?o2_name WHERE   { ?o1   a                     mission:Objective ;           base:hasIdentifier    ?o1_id ;           base:hasCanonicalName  ?o1_name ;           base:aggregates       _:b0 .     _:b0  base:hasIdentifier    ?o2_id ;           base:hasCanonicalName  ?o2_name   } ORDER BY ?o1_id ?o2_id 
[2024-01-25 17:13:45] Fuseki     INFO  [77] 200 OK (20 ms)
[2024-01-25 17:13:45] Fuseki     INFO  [78] GET http://localhost:3030/tutorial2/sparql?query=PREFIX%20%20mission:%20%3Chttp://example.com/tutorial2/vocabulary/mission%23%3E%0APREFIX%20%20base:%20%3Chttp://example.com/tutorial2/vocabulary/base%23%3E%0A%0ASELECT%20DISTINCT%20%20?m_id%20?m_name%20?o_id%20?o_name%0AWHERE%0A%20%20%7B%20?m%20%20%20%20a%20%20%20%20%20%20%20%20%20%20%20%20%20%20%20%20%20%20%20%20%20mission:Mission%20%3B%0A%20%20%20%20%20%20%20%20%20%20base:hasIdentifier%20%20%20%20?m_id%20%3B%0A%20%20%20%20%20%20%20%20%20%20base:hasCanonicalName%20%20?m_name%20%3B%0A%20%20%20%20%20%20%20%20%20%20mission:pursues%20%20%20%20%20%20%20_:b0%20.%0A%20%20%20%20_:b0%20%20a%20%20%20%20%20%20%20%20%20%20%20%20%20%20%20%20%20%20%20%20%20mission:Objective%20%3B%0A%20%20%20%20%20%20%20%20%20%20base:hasIdentifier%20%20%20%20?o_id%20%3B%0A%20%20%20%20%20%20%20%20%20%20base:hasCanonicalName%20%20?o_name%0A%20%20%7D%0AORDER%20BY%20?m_id%20?o_id%0A
[2024-01-25 17:13:45] Fuseki     INFO  [78] Query = PREFIX  mission: <http://example.com/tutorial2/vocabulary/mission#> PREFIX  base: <http://example.com/tutorial2/vocabulary/base#>  SELECT DISTINCT  ?m_id ?m_name ?o_id ?o_name WHERE   { ?m    a                     mission:Mission ;           base:hasIdentifier    ?m_id ;           base:hasCanonicalName  ?m_name ;           mission:pursues       _:b0 .     _:b0  a                     mission:Objective ;           base:hasIdentifier    ?o_id ;           base:hasCanonicalName  ?o_name   } ORDER BY ?m_id ?o_id 
[2024-01-25 17:13:45] Fuseki     INFO  [76] 200 OK (102 ms)
[2024-01-25 17:13:45] Fuseki     INFO  [78] 200 OK (14 ms)
[2024-01-25 17:25:27] Fuseki     INFO  [79] GET http://localhost:3030/tutorial2
[2024-01-25 17:25:27] Fuseki     INFO  [79] 200 OK (181 ms)
[2024-01-25 17:25:28] Fuseki     INFO  [80] DELETE http://localhost:3030/tutorial2?graph=http://iso.org/iso-80000-4.1
[2024-01-25 17:25:28] Fuseki     INFO  [80] 204 No Content (4 ms)
[2024-01-25 17:25:28] Fuseki     INFO  [81] DELETE http://localhost:3030/tutorial2?graph=http://example.com/tutorial2/description/masses
[2024-01-25 17:25:28] Fuseki     INFO  [81] 204 No Content (5 ms)
[2024-01-25 17:25:28] Fuseki     INFO  [82] DELETE http://localhost:3030/tutorial2?graph=http://example.com/tutorial2/description/bundle/properties
[2024-01-25 17:25:28] Fuseki     INFO  [82] 204 No Content (15 ms)
[2024-01-25 17:25:28] Fuseki     INFO  [83] DELETE http://localhost:3030/tutorial2?graph=http://example.com/tutorial2/description/components
[2024-01-25 17:25:28] Fuseki     INFO  [83] 204 No Content (4 ms)
[2024-01-25 17:25:28] Fuseki     INFO  [84] DELETE http://localhost:3030/tutorial2?graph=http://iso.org/iso-1087-1
[2024-01-25 17:25:28] Fuseki     INFO  [84] 204 No Content (3 ms)
[2024-01-25 17:25:28] Fuseki     INFO  [85] DELETE http://localhost:3030/tutorial2?graph=http://example.com/tutorial2/vocabulary/mission
[2024-01-25 17:25:28] Fuseki     INFO  [85] 204 No Content (4 ms)
[2024-01-25 17:25:28] Fuseki     INFO  [86] DELETE http://localhost:3030/tutorial2?graph=http://example.com/tutorial2/vocabulary/bundle
[2024-01-25 17:25:28] Fuseki     INFO  [86] 204 No Content (6 ms)
[2024-01-25 17:25:28] Fuseki     INFO  [87] DELETE http://localhost:3030/tutorial2?graph=http://purl.org/dc/elements/1.1
[2024-01-25 17:25:28] Fuseki     INFO  [87] 204 No Content (2 ms)
[2024-01-25 17:25:28] Fuseki     INFO  [88] DELETE http://localhost:3030/tutorial2?graph=http://bipm.org/jcgm/vim4
[2024-01-25 17:25:28] Fuseki     INFO  [88] 204 No Content (18 ms)
[2024-01-25 17:25:28] Fuseki     INFO  [89] DELETE http://localhost:3030/tutorial2?graph=http://example.com/tutorial2/vocabulary/mechanical
[2024-01-25 17:25:28] Fuseki     INFO  [89] 204 No Content (4 ms)
[2024-01-25 17:25:28] Fuseki     INFO  [90] DELETE http://localhost:3030/tutorial2?graph=http://example.com/tutorial2/description/objectives
[2024-01-25 17:25:28] Fuseki     INFO  [90] 204 No Content (2 ms)
[2024-01-25 17:25:28] Fuseki     INFO  [91] DELETE http://localhost:3030/tutorial2?graph=http://example.com/tutorial2/description/bundle/individuals
[2024-01-25 17:25:28] Fuseki     INFO  [91] 204 No Content (16 ms)
[2024-01-25 17:25:28] Fuseki     INFO  [92] DELETE http://localhost:3030/tutorial2?graph=http://example.com/tutorial2/description/bundle/classes
[2024-01-25 17:25:28] Fuseki     INFO  [92] 204 No Content (8 ms)
[2024-01-25 17:25:28] Fuseki     INFO  [93] DELETE http://localhost:3030/tutorial2?graph=http://example.com/tutorial2/description/missions
[2024-01-25 17:25:28] Fuseki     INFO  [93] 204 No Content (2 ms)
[2024-01-25 17:25:28] Fuseki     INFO  [94] DELETE http://localhost:3030/tutorial2?graph=http://iso.org/iso-80000-1
[2024-01-25 17:25:28] Fuseki     INFO  [94] 204 No Content (3 ms)
[2024-01-25 17:25:28] Fuseki     INFO  [95] DELETE http://localhost:3030/tutorial2?graph=http://example.com/tutorial2/description/bundle
[2024-01-25 17:25:28] Fuseki     INFO  [95] 204 No Content (11 ms)
[2024-01-25 17:25:28] Fuseki     INFO  [96] DELETE http://localhost:3030/tutorial2?graph=http://example.com/tutorial2/vocabulary/base
[2024-01-25 17:25:28] Fuseki     INFO  [96] 204 No Content (1 ms)
[2024-01-25 17:25:28] Fuseki     INFO  [97] POST http://localhost:3030/tutorial2?graph=http://example.com/tutorial2/description/components
[2024-01-25 17:25:28] Fuseki     INFO  [97] Body: Content-Length=11031, Content-Type=application/rdf+xml, Charset=null => RDF/XML : Count=80 Triples=80 Quads=0
[2024-01-25 17:25:28] Fuseki     INFO  [97] 201 Created (12 ms)
[2024-01-25 17:25:28] Fuseki     INFO  [98] POST http://localhost:3030/tutorial2?graph=http://example.com/tutorial2/description/objectives
[2024-01-25 17:25:28] Fuseki     INFO  [98] Body: Content-Length=6586, Content-Type=application/rdf+xml, Charset=null => RDF/XML : Count=41 Triples=41 Quads=0
[2024-01-25 17:25:28] Fuseki     INFO  [98] 201 Created (7 ms)
[2024-01-25 17:25:28] Fuseki     INFO  [99] POST http://localhost:3030/tutorial2?graph=http://example.com/tutorial2/description/bundle
[2024-01-25 17:25:28] Fuseki     INFO  [99] Body: Content-Length=190231, Content-Type=application/rdf+xml, Charset=null => RDF/XML : Count=1936 Triples=1936 Quads=0
[2024-01-25 17:25:28] Fuseki     INFO  [99] 201 Created (59 ms)
[2024-01-25 17:25:28] Fuseki     INFO  [100] POST http://localhost:3030/tutorial2?graph=http://example.com/tutorial2/vocabulary/base
[2024-01-25 17:25:28] Fuseki     INFO  [100] Body: Content-Length=16152, Content-Type=application/rdf+xml, Charset=null => RDF/XML : Count=132 Triples=132 Quads=0
[2024-01-25 17:25:28] Fuseki     INFO  [100] 201 Created (14 ms)
[2024-01-25 17:25:28] Fuseki     INFO  [101] POST http://localhost:3030/tutorial2?graph=http://example.com/tutorial2/description/requirements
[2024-01-25 17:25:28] Fuseki     INFO  [101] Body: Content-Length=4698, Content-Type=application/rdf+xml, Charset=null => RDF/XML : Count=23 Triples=23 Quads=0
[2024-01-25 17:25:28] Fuseki     INFO  [101] 201 Created (4 ms)
[2024-01-25 17:25:28] Fuseki     INFO  [102] POST http://localhost:3030/tutorial2?graph=http://purl.org/dc/elements/1.1
[2024-01-25 17:25:28] Fuseki     INFO  [102] Body: Content-Length=3542, Content-Type=application/rdf+xml, Charset=null => RDF/XML : Count=22 Triples=22 Quads=0
[2024-01-25 17:25:28] Fuseki     INFO  [102] 201 Created (5 ms)
[2024-01-25 17:25:28] Fuseki     INFO  [103] POST http://localhost:3030/tutorial2?graph=http://example.com/tutorial2/vocabulary/bundle
[2024-01-25 17:25:28] Fuseki     INFO  [103] Body: Content-Length=9149, Content-Type=application/rdf+xml, Charset=null => RDF/XML : Count=148 Triples=148 Quads=0
[2024-01-25 17:25:28] Fuseki     INFO  [103] 201 Created (9 ms)
[2024-01-25 17:25:28] Fuseki     INFO  [104] POST http://localhost:3030/tutorial2?graph=http://example.com/tutorial2/description/bundle/properties
[2024-01-25 17:25:28] Fuseki     INFO  [104] Body: Content-Length=19013, Content-Type=text/turtle, Charset=null => Turtle : Count=248 Triples=248 Quads=0
[2024-01-25 17:25:28] Fuseki     INFO  [104] 201 Created (9 ms)
[2024-01-25 17:25:28] Fuseki     INFO  [105] POST http://localhost:3030/tutorial2?graph=http://example.com/tutorial2/description/masses
[2024-01-25 17:25:28] Fuseki     INFO  [105] Body: Content-Length=13629, Content-Type=application/rdf+xml, Charset=null => RDF/XML : Count=67 Triples=67 Quads=0
[2024-01-25 17:25:28] Fuseki     INFO  [105] 201 Created (8 ms)
[2024-01-25 17:25:28] Fuseki     INFO  [106] POST http://localhost:3030/tutorial2?graph=http://example.com/tutorial2/description/interfaces
[2024-01-25 17:25:28] Fuseki     INFO  [106] Body: Content-Length=6933, Content-Type=application/rdf+xml, Charset=null => RDF/XML : Count=41 Triples=41 Quads=0
[2024-01-25 17:25:28] Fuseki     INFO  [106] 201 Created (8 ms)
[2024-01-25 17:25:28] Fuseki     INFO  [107] POST http://localhost:3030/tutorial2?graph=http://example.com/tutorial2/description/bundle/individuals
[2024-01-25 17:25:28] Fuseki     INFO  [107] Body: Content-Length=123751, Content-Type=text/turtle, Charset=null => Turtle : Count=1470 Triples=1470 Quads=0
[2024-01-25 17:25:28] Fuseki     INFO  [107] 201 Created (31 ms)
[2024-01-25 17:25:28] Fuseki     INFO  [108] POST http://localhost:3030/tutorial2?graph=http://bipm.org/jcgm/vim4
[2024-01-25 17:25:28] Fuseki     INFO  [108] Body: Content-Length=187945, Content-Type=application/rdf+xml, Charset=null => RDF/XML : Count=1807 Triples=1807 Quads=0
[2024-01-25 17:25:28] Fuseki     INFO  [108] 201 Created (51 ms)
[2024-01-25 17:25:28] Fuseki     INFO  [109] POST http://localhost:3030/tutorial2?graph=http://example.com/tutorial2/description/missions
[2024-01-25 17:25:28] Fuseki     INFO  [109] Body: Content-Length=5153, Content-Type=application/rdf+xml, Charset=null => RDF/XML : Count=31 Triples=31 Quads=0
[2024-01-25 17:25:28] Fuseki     INFO  [109] 201 Created (4 ms)
[2024-01-25 17:25:28] Fuseki     INFO  [110] POST http://localhost:3030/tutorial2?graph=http://iso.org/iso-1087-1
[2024-01-25 17:25:28] Fuseki     INFO  [110] Body: Content-Length=8160, Content-Type=application/rdf+xml, Charset=null => RDF/XML : Count=63 Triples=63 Quads=0
[2024-01-25 17:25:28] Fuseki     INFO  [110] 201 Created (5 ms)
[2024-01-25 17:25:28] Fuseki     INFO  [111] POST http://localhost:3030/tutorial2?graph=http://example.com/tutorial2/vocabulary/mechanical
[2024-01-25 17:25:28] Fuseki     INFO  [111] Body: Content-Length=3267, Content-Type=application/rdf+xml, Charset=null => RDF/XML : Count=26 Triples=26 Quads=0
[2024-01-25 17:25:28] Fuseki     INFO  [111] 201 Created (4 ms)
[2024-01-25 17:25:28] Fuseki     INFO  [112] POST http://localhost:3030/tutorial2?graph=http://example.com/tutorial2/vocabulary/mission
[2024-01-25 17:25:28] Fuseki     INFO  [112] Body: Content-Length=27132, Content-Type=application/rdf+xml, Charset=null => RDF/XML : Count=242 Triples=242 Quads=0
[2024-01-25 17:25:28] Fuseki     INFO  [112] 201 Created (13 ms)
[2024-01-25 17:25:28] Fuseki     INFO  [113] POST http://localhost:3030/tutorial2?graph=http://iso.org/iso-80000-1
[2024-01-25 17:25:28] Fuseki     INFO  [113] Body: Content-Length=11534, Content-Type=application/rdf+xml, Charset=null => RDF/XML : Count=124 Triples=124 Quads=0
[2024-01-25 17:25:28] Fuseki     INFO  [113] 201 Created (7 ms)
[2024-01-25 17:25:28] Fuseki     INFO  [114] POST http://localhost:3030/tutorial2?graph=http://iso.org/iso-80000-4.1
[2024-01-25 17:25:28] Fuseki     INFO  [114] Body: Content-Length=5744, Content-Type=application/rdf+xml, Charset=null => RDF/XML : Count=41 Triples=41 Quads=0
[2024-01-25 17:25:28] Fuseki     INFO  [114] 201 Created (4 ms)
[2024-01-25 17:25:28] Fuseki     INFO  [115] POST http://localhost:3030/tutorial2?graph=http://example.com/tutorial2/description/bundle/classes
[2024-01-25 17:25:28] Fuseki     INFO  [115] Body: Content-Length=24860, Content-Type=text/turtle, Charset=null => Turtle : Count=360 Triples=360 Quads=0
[2024-01-25 17:25:28] Fuseki     INFO  [115] 201 Created (10 ms)
[2024-01-25 17:25:28] Fuseki     INFO  [116] GET http://localhost:3030/tutorial2/sparql?query=PREFIX%20%20mission:%20%3Chttp://example.com/tutorial2/vocabulary/mission%23%3E%0APREFIX%20%20base:%20%3Chttp://example.com/tutorial2/vocabulary/base%23%3E%0A%0ASELECT%20DISTINCT%20%20?m_id%20?m_name%20?o_id%20?o_name%0AWHERE%0A%20%20%7B%20?m%20%20%20%20a%20%20%20%20%20%20%20%20%20%20%20%20%20%20%20%20%20%20%20%20%20mission:Mission%20%3B%0A%20%20%20%20%20%20%20%20%20%20base:hasIdentifier%20%20%20%20?m_id%20%3B%0A%20%20%20%20%20%20%20%20%20%20base:hasCanonicalName%20%20?m_name%20%3B%0A%20%20%20%20%20%20%20%20%20%20mission:pursues%20%20%20%20%20%20%20_:b0%20.%0A%20%20%20%20_:b0%20%20a%20%20%20%20%20%20%20%20%20%20%20%20%20%20%20%20%20%20%20%20%20mission:Objective%20%3B%0A%20%20%20%20%20%20%20%20%20%20base:hasIdentifier%20%20%20%20?o_id%20%3B%0A%20%20%20%20%20%20%20%20%20%20base:hasCanonicalName%20%20?o_name%0A%20%20%7D%0AORDER%20BY%20?m_id%20?o_id%0A
[2024-01-25 17:25:28] Fuseki     INFO  [116] Query = PREFIX  mission: <http://example.com/tutorial2/vocabulary/mission#> PREFIX  base: <http://example.com/tutorial2/vocabulary/base#>  SELECT DISTINCT  ?m_id ?m_name ?o_id ?o_name WHERE   { ?m    a                     mission:Mission ;           base:hasIdentifier    ?m_id ;           base:hasCanonicalName  ?m_name ;           mission:pursues       _:b0 .     _:b0  a                     mission:Objective ;           base:hasIdentifier    ?o_id ;           base:hasCanonicalName  ?o_name   } ORDER BY ?m_id ?o_id 
[2024-01-25 17:25:28] Fuseki     INFO  [117] GET http://localhost:3030/tutorial2/sparql?query=PREFIX%20%20mission:%20%3Chttp://example.com/tutorial2/vocabulary/mission%23%3E%0APREFIX%20%20vim4:%20%3Chttp://bipm.org/jcgm/vim4%23%3E%0APREFIX%20%20base:%20%3Chttp://example.com/tutorial2/vocabulary/base%23%3E%0A%0ASELECT%20DISTINCT%20%20?c1_id%20?c1_name%20?c1_mass%20?c2_id%20?c2_name%0AWHERE%0A%20%20%7B%20?c1%20%20a%20%20%20%20%20%20%20%20%20%20%20%20%20%20%20%20%20%20%20%20%20mission:Component%20%3B%0A%20%20%20%20%20%20%20%20%20base:hasIdentifier%20%20%20%20?c1_id%20%3B%0A%20%20%20%20%20%20%20%20%20base:hasCanonicalName%20%20?c1_name%0A%20%20%20%20OPTIONAL%0A%20%20%20%20%20%20%7B%20?c1%20%20base:isContainedIn%20%20%20%20?c2%20.%0A%20%20%20%20%20%20%20%20?c2%20%20base:hasIdentifier%20%20%20%20?c2_id%20%3B%0A%20%20%20%20%20%20%20%20%20%20%20%20%20base:hasCanonicalName%20%20?c2_name%0A%20%20%20%20%20%20%7D%0A%20%20%20%20OPTIONAL%0A%20%20%20%20%20%20%7B%20?c1_mass_mag%20%20vim4:characterizes%20%20?c1%20%3B%0A%20%20%20%20%20%20%20%20%20%20%20%20%20%20%20%20%20%20vim4:hasDoubleNumber%20%20?c1_mass%0A%20%20%20%20%20%20%7D%0A%20%20%7D%0AORDER%20BY%20?c1_id%20?c2_id%0A
[2024-01-25 17:25:28] Fuseki     INFO  [116] 200 OK (11 ms)
[2024-01-25 17:25:28] Fuseki     INFO  [117] Query = PREFIX  mission: <http://example.com/tutorial2/vocabulary/mission#> PREFIX  vim4: <http://bipm.org/jcgm/vim4#> PREFIX  base: <http://example.com/tutorial2/vocabulary/base#>  SELECT DISTINCT  ?c1_id ?c1_name ?c1_mass ?c2_id ?c2_name WHERE   { ?c1  a                     mission:Component ;          base:hasIdentifier    ?c1_id ;          base:hasCanonicalName  ?c1_name     OPTIONAL       { ?c1  base:isContainedIn    ?c2 .         ?c2  base:hasIdentifier    ?c2_id ;              base:hasCanonicalName  ?c2_name       }     OPTIONAL       { ?c1_mass_mag  vim4:characterizes  ?c1 ;                   vim4:hasDoubleNumber  ?c1_mass       }   } ORDER BY ?c1_id ?c2_id 
[2024-01-25 17:25:28] Fuseki     INFO  [118] GET http://localhost:3030/tutorial2/sparql?query=PREFIX%20%20mission:%20%3Chttp://example.com/tutorial2/vocabulary/mission%23%3E%0APREFIX%20%20rdfs:%20%3Chttp://www.w3.org/2000/01/rdf-schema%23%3E%0APREFIX%20%20base:%20%3Chttp://example.com/tutorial2/vocabulary/base%23%3E%0APREFIX%20%20oml:%20%20%3Chttp://opencaesar.io/oml%23%3E%0A%0ASELECT%20DISTINCT%20%20?r_id%20?c_name%20?i_name%0AWHERE%0A%20%20%7B%20?r%20%20%20%20a%20%20%20%20%20%20%20%20%20%20%20%20%20%20%20%20%20%20%20%20%20mission:Requirement%20%3B%0A%20%20%20%20%20%20%20%20%20%20base:hasIdentifier%20%20%20%20?r_id%20%3B%0A%20%20%20%20%20%20%20%20%20%20mission:specifies%20%20%20%20%20_:b0%20.%0A%20%20%20%20_:b0%20%20a%20%20%20%20%20%20%20%20%20%20%20%20%20%20%20%20%20%20%20%20%20mission:Presents%20%3B%0A%20%20%20%20%20%20%20%20%20%20oml:hasSource%20%20%20%20%20%20%20%20%20_:b1%20.%0A%20%20%20%20_:b1%20%20base:hasCanonicalName%20%20?c_name%20.%0A%20%20%20%20_:b0%20%20oml:hasTarget%20%20%20%20%20%20%20%20%20_:b2%20.%0A%20%20%20%20_:b2%20%20base:hasCanonicalName%20%20?i_name%0A%20%20%7D%0AORDER%20BY%20?r_id%20?c_name%20?i_name%0A
[2024-01-25 17:25:28] Fuseki     INFO  [118] Query = PREFIX  mission: <http://example.com/tutorial2/vocabulary/mission#> PREFIX  rdfs: <http://www.w3.org/2000/01/rdf-schema#> PREFIX  base: <http://example.com/tutorial2/vocabulary/base#> PREFIX  oml:  <http://opencaesar.io/oml#>  SELECT DISTINCT  ?r_id ?c_name ?i_name WHERE   { ?r    a                     mission:Requirement ;           base:hasIdentifier    ?r_id ;           mission:specifies     _:b0 .     _:b0  a                     mission:Presents ;           oml:hasSource         _:b1 .     _:b1  base:hasCanonicalName  ?c_name .     _:b0  oml:hasTarget         _:b2 .     _:b2  base:hasCanonicalName  ?i_name   } ORDER BY ?r_id ?c_name ?i_name 
[2024-01-25 17:25:28] Fuseki     INFO  [118] 200 OK (4 ms)
[2024-01-25 17:25:28] Fuseki     INFO  [117] 200 OK (11 ms)
[2024-01-25 17:25:28] Fuseki     INFO  [119] GET http://localhost:3030/tutorial2/sparql?query=PREFIX%20%20mission:%20%3Chttp://example.com/tutorial2/vocabulary/mission%23%3E%0APREFIX%20%20base:%20%3Chttp://example.com/tutorial2/vocabulary/base%23%3E%0A%0ASELECT%20DISTINCT%20%20?o1_id%20?o1_name%20?o2_id%20?o2_name%0AWHERE%0A%20%20%7B%20?o1%20%20%20a%20%20%20%20%20%20%20%20%20%20%20%20%20%20%20%20%20%20%20%20%20mission:Objective%20%3B%0A%20%20%20%20%20%20%20%20%20%20base:hasIdentifier%20%20%20%20?o1_id%20%3B%0A%20%20%20%20%20%20%20%20%20%20base:hasCanonicalName%20%20?o1_name%20%3B%0A%20%20%20%20%20%20%20%20%20%20base:aggregates%20%20%20%20%20%20%20_:b0%20.%0A%20%20%20%20_:b0%20%20base:hasIdentifier%20%20%20%20?o2_id%20%3B%0A%20%20%20%20%20%20%20%20%20%20base:hasCanonicalName%20%20?o2_name%0A%20%20%7D%0AORDER%20BY%20?o1_id%20?o2_id%0A
[2024-01-25 17:25:28] Fuseki     INFO  [119] Query = PREFIX  mission: <http://example.com/tutorial2/vocabulary/mission#> PREFIX  base: <http://example.com/tutorial2/vocabulary/base#>  SELECT DISTINCT  ?o1_id ?o1_name ?o2_id ?o2_name WHERE   { ?o1   a                     mission:Objective ;           base:hasIdentifier    ?o1_id ;           base:hasCanonicalName  ?o1_name ;           base:aggregates       _:b0 .     _:b0  base:hasIdentifier    ?o2_id ;           base:hasCanonicalName  ?o2_name   } ORDER BY ?o1_id ?o2_id 
[2024-01-25 17:25:28] Fuseki     INFO  [119] 200 OK (5 ms)
[2024-01-25 17:28:35] Fuseki     INFO  [120] GET http://localhost:3030/tutorial2
[2024-01-25 17:28:35] Fuseki     INFO  [120] 200 OK (127 ms)
[2024-01-25 17:28:35] Fuseki     INFO  [121] DELETE http://localhost:3030/tutorial2?graph=http://iso.org/iso-80000-4.1
[2024-01-25 17:28:35] Fuseki     INFO  [121] 204 No Content (3 ms)
[2024-01-25 17:28:35] Fuseki     INFO  [122] DELETE http://localhost:3030/tutorial2?graph=http://example.com/tutorial2/description/masses
[2024-01-25 17:28:35] Fuseki     INFO  [122] 204 No Content (4 ms)
[2024-01-25 17:28:35] Fuseki     INFO  [123] DELETE http://localhost:3030/tutorial2?graph=http://example.com/tutorial2/description/bundle/properties
[2024-01-25 17:28:35] Fuseki     INFO  [123] 204 No Content (3 ms)
[2024-01-25 17:28:35] Fuseki     INFO  [124] DELETE http://localhost:3030/tutorial2?graph=http://example.com/tutorial2/description/components
[2024-01-25 17:28:35] Fuseki     INFO  [124] 204 No Content (2 ms)
[2024-01-25 17:28:35] Fuseki     INFO  [125] DELETE http://localhost:3030/tutorial2?graph=http://iso.org/iso-1087-1
[2024-01-25 17:28:35] Fuseki     INFO  [125] 204 No Content (1 ms)
[2024-01-25 17:28:35] Fuseki     INFO  [126] DELETE http://localhost:3030/tutorial2?graph=http://example.com/tutorial2/description/requirements
[2024-01-25 17:28:35] Fuseki     INFO  [126] 204 No Content (1 ms)
[2024-01-25 17:28:35] Fuseki     INFO  [127] DELETE http://localhost:3030/tutorial2?graph=http://example.com/tutorial2/vocabulary/mission
[2024-01-25 17:28:35] Fuseki     INFO  [127] 204 No Content (6 ms)
[2024-01-25 17:28:35] Fuseki     INFO  [128] DELETE http://localhost:3030/tutorial2?graph=http://example.com/tutorial2/vocabulary/bundle
[2024-01-25 17:28:35] Fuseki     INFO  [128] 204 No Content (3 ms)
[2024-01-25 17:28:35] Fuseki     INFO  [129] DELETE http://localhost:3030/tutorial2?graph=http://purl.org/dc/elements/1.1
[2024-01-25 17:28:35] Fuseki     INFO  [129] 204 No Content (2 ms)
[2024-01-25 17:28:35] Fuseki     INFO  [130] DELETE http://localhost:3030/tutorial2?graph=http://bipm.org/jcgm/vim4
[2024-01-25 17:28:35] Fuseki     INFO  [130] 204 No Content (16 ms)
[2024-01-25 17:28:35] Fuseki     INFO  [131] DELETE http://localhost:3030/tutorial2?graph=http://example.com/tutorial2/vocabulary/mechanical
[2024-01-25 17:28:35] Fuseki     INFO  [131] 204 No Content (1 ms)
[2024-01-25 17:28:35] Fuseki     INFO  [132] DELETE http://localhost:3030/tutorial2?graph=http://example.com/tutorial2/description/objectives
[2024-01-25 17:28:35] Fuseki     INFO  [132] 204 No Content (1 ms)
[2024-01-25 17:28:35] Fuseki     INFO  [133] DELETE http://localhost:3030/tutorial2?graph=http://example.com/tutorial2/description/bundle/individuals
[2024-01-25 17:28:35] Fuseki     INFO  [133] 204 No Content (14 ms)
[2024-01-25 17:28:35] Fuseki     INFO  [134] DELETE http://localhost:3030/tutorial2?graph=http://example.com/tutorial2/description/interfaces
[2024-01-25 17:28:35] Fuseki     INFO  [134] 204 No Content (2 ms)
[2024-01-25 17:28:35] Fuseki     INFO  [135] DELETE http://localhost:3030/tutorial2?graph=http://example.com/tutorial2/description/bundle/classes
[2024-01-25 17:28:35] Fuseki     INFO  [135] 204 No Content (4 ms)
[2024-01-25 17:28:35] Fuseki     INFO  [136] DELETE http://localhost:3030/tutorial2?graph=http://example.com/tutorial2/description/missions
[2024-01-25 17:28:35] Fuseki     INFO  [136] 204 No Content (1 ms)
[2024-01-25 17:28:35] Fuseki     INFO  [137] DELETE http://localhost:3030/tutorial2?graph=http://iso.org/iso-80000-1
[2024-01-25 17:28:35] Fuseki     INFO  [137] 204 No Content (3 ms)
[2024-01-25 17:28:35] Fuseki     INFO  [138] DELETE http://localhost:3030/tutorial2?graph=http://example.com/tutorial2/description/bundle
[2024-01-25 17:28:35] Fuseki     INFO  [138] 204 No Content (12 ms)
[2024-01-25 17:28:35] Fuseki     INFO  [139] DELETE http://localhost:3030/tutorial2?graph=http://example.com/tutorial2/vocabulary/base
[2024-01-25 17:28:35] Fuseki     INFO  [139] 204 No Content (2 ms)
[2024-01-25 17:28:35] Fuseki     INFO  [140] POST http://localhost:3030/tutorial2?graph=http://example.com/tutorial2/description/masses
[2024-01-25 17:28:35] Fuseki     INFO  [140] Body: Content-Length=13629, Content-Type=application/rdf+xml, Charset=null => RDF/XML : Count=67 Triples=67 Quads=0
[2024-01-25 17:28:35] Fuseki     INFO  [140] 201 Created (9 ms)
[2024-01-25 17:28:35] Fuseki     INFO  [141] POST http://localhost:3030/tutorial2?graph=http://example.com/tutorial2/description/interfaces
[2024-01-25 17:28:35] Fuseki     INFO  [141] Body: Content-Length=6933, Content-Type=application/rdf+xml, Charset=null => RDF/XML : Count=41 Triples=41 Quads=0
[2024-01-25 17:28:35] Fuseki     INFO  [141] 201 Created (8 ms)
[2024-01-25 17:28:35] Fuseki     INFO  [142] POST http://localhost:3030/tutorial2?graph=http://iso.org/iso-80000-4.1
[2024-01-25 17:28:35] Fuseki     INFO  [142] Body: Content-Length=5744, Content-Type=application/rdf+xml, Charset=null => RDF/XML : Count=41 Triples=41 Quads=0
[2024-01-25 17:28:35] Fuseki     INFO  [142] 201 Created (6 ms)
[2024-01-25 17:28:35] Fuseki     INFO  [143] POST http://localhost:3030/tutorial2?graph=http://example.com/tutorial2/vocabulary/mechanical
[2024-01-25 17:28:35] Fuseki     INFO  [143] Body: Content-Length=3267, Content-Type=application/rdf+xml, Charset=null => RDF/XML : Count=26 Triples=26 Quads=0
[2024-01-25 17:28:35] Fuseki     INFO  [143] 201 Created (5 ms)
[2024-01-25 17:28:35] Fuseki     INFO  [144] POST http://localhost:3030/tutorial2?graph=http://example.com/tutorial2/vocabulary/base
[2024-01-25 17:28:35] Fuseki     INFO  [144] Body: Content-Length=16152, Content-Type=application/rdf+xml, Charset=null => RDF/XML : Count=132 Triples=132 Quads=0
[2024-01-25 17:28:35] Fuseki     INFO  [144] 201 Created (11 ms)
[2024-01-25 17:28:35] Fuseki     INFO  [145] POST http://localhost:3030/tutorial2?graph=http://example.com/tutorial2/description/bundle/individuals
[2024-01-25 17:28:35] Fuseki     INFO  [145] Body: Content-Length=127042, Content-Type=text/turtle, Charset=null => Turtle : Count=1498 Triples=1498 Quads=0
[2024-01-25 17:28:35] Fuseki     INFO  [145] 201 Created (85 ms)
[2024-01-25 17:28:35] Fuseki     INFO  [146] POST http://localhost:3030/tutorial2?graph=http://example.com/tutorial2/description/requirements
[2024-01-25 17:28:35] Fuseki     INFO  [146] Body: Content-Length=4698, Content-Type=application/rdf+xml, Charset=null => RDF/XML : Count=23 Triples=23 Quads=0
[2024-01-25 17:28:35] Fuseki     INFO  [146] 201 Created (6 ms)
[2024-01-25 17:28:35] Fuseki     INFO  [147] POST http://localhost:3030/tutorial2?graph=http://bipm.org/jcgm/vim4
[2024-01-25 17:28:35] Fuseki     INFO  [147] Body: Content-Length=187945, Content-Type=application/rdf+xml, Charset=null => RDF/XML : Count=1807 Triples=1807 Quads=0
[2024-01-25 17:28:35] Fuseki     INFO  [147] 201 Created (72 ms)
[2024-01-25 17:28:35] Fuseki     INFO  [148] POST http://localhost:3030/tutorial2?graph=http://example.com/tutorial2/description/objectives
[2024-01-25 17:28:35] Fuseki     INFO  [148] Body: Content-Length=6586, Content-Type=application/rdf+xml, Charset=null => RDF/XML : Count=41 Triples=41 Quads=0
[2024-01-25 17:28:35] Fuseki     INFO  [148] 201 Created (6 ms)
[2024-01-25 17:28:35] Fuseki     INFO  [149] POST http://localhost:3030/tutorial2?graph=http://example.com/tutorial2/description/missions
[2024-01-25 17:28:35] Fuseki     INFO  [149] Body: Content-Length=5153, Content-Type=application/rdf+xml, Charset=null => RDF/XML : Count=31 Triples=31 Quads=0
[2024-01-25 17:28:35] Fuseki     INFO  [149] 201 Created (4 ms)
[2024-01-25 17:28:35] Fuseki     INFO  [150] POST http://localhost:3030/tutorial2?graph=http://iso.org/iso-80000-1
[2024-01-25 17:28:35] Fuseki     INFO  [150] Body: Content-Length=11534, Content-Type=application/rdf+xml, Charset=null => RDF/XML : Count=124 Triples=124 Quads=0
[2024-01-25 17:28:35] Fuseki     INFO  [150] 201 Created (5 ms)
[2024-01-25 17:28:35] Fuseki     INFO  [151] POST http://localhost:3030/tutorial2?graph=http://example.com/tutorial2/description/bundle/classes
[2024-01-25 17:28:35] Fuseki     INFO  [151] Body: Content-Length=25540, Content-Type=text/turtle, Charset=null => Turtle : Count=369 Triples=369 Quads=0
[2024-01-25 17:28:35] Fuseki     INFO  [151] 201 Created (12 ms)
[2024-01-25 17:28:35] Fuseki     INFO  [152] POST http://localhost:3030/tutorial2?graph=http://example.com/tutorial2/description/components
[2024-01-25 17:28:35] Fuseki     INFO  [152] Body: Content-Length=11031, Content-Type=application/rdf+xml, Charset=null => RDF/XML : Count=80 Triples=80 Quads=0
[2024-01-25 17:28:35] Fuseki     INFO  [152] 201 Created (7 ms)
[2024-01-25 17:28:35] Fuseki     INFO  [153] POST http://localhost:3030/tutorial2?graph=http://example.com/tutorial2/description/bundle
[2024-01-25 17:28:35] Fuseki     INFO  [153] Body: Content-Length=190320, Content-Type=application/rdf+xml, Charset=null => RDF/XML : Count=1937 Triples=1937 Quads=0
[2024-01-25 17:28:35] Fuseki     INFO  [153] 201 Created (47 ms)
[2024-01-25 17:28:36] Fuseki     INFO  [154] POST http://localhost:3030/tutorial2?graph=http://example.com/tutorial2/description/junctions
[2024-01-25 17:28:36] Fuseki     INFO  [154] Body: Content-Length=4172, Content-Type=application/rdf+xml, Charset=null => RDF/XML : Count=21 Triples=21 Quads=0
[2024-01-25 17:28:36] Fuseki     INFO  [154] 201 Created (7 ms)
[2024-01-25 17:28:36] Fuseki     INFO  [155] POST http://localhost:3030/tutorial2?graph=http://example.com/tutorial2/vocabulary/mission
[2024-01-25 17:28:36] Fuseki     INFO  [155] Body: Content-Length=40245, Content-Type=application/rdf+xml, Charset=null => RDF/XML : Count=359 Triples=359 Quads=0
[2024-01-25 17:28:36] Fuseki     INFO  [155] 201 Created (13 ms)
[2024-01-25 17:28:36] Fuseki     INFO  [156] POST http://localhost:3030/tutorial2?graph=http://example.com/tutorial2/description/bundle/properties
[2024-01-25 17:28:36] Fuseki     INFO  [156] Body: Content-Length=19814, Content-Type=text/turtle, Charset=null => Turtle : Count=258 Triples=258 Quads=0
[2024-01-25 17:28:36] Fuseki     INFO  [156] 201 Created (7 ms)
[2024-01-25 17:28:36] Fuseki     INFO  [157] POST http://localhost:3030/tutorial2?graph=http://iso.org/iso-1087-1
[2024-01-25 17:28:36] Fuseki     INFO  [157] Body: Content-Length=8160, Content-Type=application/rdf+xml, Charset=null => RDF/XML : Count=63 Triples=63 Quads=0
[2024-01-25 17:28:36] Fuseki     INFO  [157] 201 Created (5 ms)
[2024-01-25 17:28:36] Fuseki     INFO  [158] POST http://localhost:3030/tutorial2?graph=http://purl.org/dc/elements/1.1
[2024-01-25 17:28:36] Fuseki     INFO  [158] Body: Content-Length=3542, Content-Type=application/rdf+xml, Charset=null => RDF/XML : Count=22 Triples=22 Quads=0
[2024-01-25 17:28:36] Fuseki     INFO  [158] 201 Created (4 ms)
[2024-01-25 17:28:36] Fuseki     INFO  [159] POST http://localhost:3030/tutorial2?graph=http://example.com/tutorial2/vocabulary/bundle
[2024-01-25 17:28:36] Fuseki     INFO  [159] Body: Content-Length=9351, Content-Type=application/rdf+xml, Charset=null => RDF/XML : Count=152 Triples=152 Quads=0
[2024-01-25 17:28:36] Fuseki     INFO  [159] 201 Created (6 ms)
[2024-01-25 17:28:36] Fuseki     INFO  [160] GET http://localhost:3030/tutorial2/sparql?query=PREFIX%20%20mission:%20%3Chttp://example.com/tutorial2/vocabulary/mission%23%3E%0APREFIX%20%20base:%20%3Chttp://example.com/tutorial2/vocabulary/base%23%3E%0A%0ASELECT%20DISTINCT%20%20?m_id%20?m_name%20?o_id%20?o_name%0AWHERE%0A%20%20%7B%20?m%20%20%20%20a%20%20%20%20%20%20%20%20%20%20%20%20%20%20%20%20%20%20%20%20%20mission:Mission%20%3B%0A%20%20%20%20%20%20%20%20%20%20base:hasIdentifier%20%20%20%20?m_id%20%3B%0A%20%20%20%20%20%20%20%20%20%20base:hasCanonicalName%20%20?m_name%20%3B%0A%20%20%20%20%20%20%20%20%20%20mission:pursues%20%20%20%20%20%20%20_:b0%20.%0A%20%20%20%20_:b0%20%20a%20%20%20%20%20%20%20%20%20%20%20%20%20%20%20%20%20%20%20%20%20mission:Objective%20%3B%0A%20%20%20%20%20%20%20%20%20%20base:hasIdentifier%20%20%20%20?o_id%20%3B%0A%20%20%20%20%20%20%20%20%20%20base:hasCanonicalName%20%20?o_name%0A%20%20%7D%0AORDER%20BY%20?m_id%20?o_id%0A
[2024-01-25 17:28:36] Fuseki     INFO  [160] Query = PREFIX  mission: <http://example.com/tutorial2/vocabulary/mission#> PREFIX  base: <http://example.com/tutorial2/vocabulary/base#>  SELECT DISTINCT  ?m_id ?m_name ?o_id ?o_name WHERE   { ?m    a                     mission:Mission ;           base:hasIdentifier    ?m_id ;           base:hasCanonicalName  ?m_name ;           mission:pursues       _:b0 .     _:b0  a                     mission:Objective ;           base:hasIdentifier    ?o_id ;           base:hasCanonicalName  ?o_name   } ORDER BY ?m_id ?o_id 
[2024-01-25 17:28:36] Fuseki     INFO  [160] 200 OK (5 ms)
[2024-01-25 17:28:36] Fuseki     INFO  [161] GET http://localhost:3030/tutorial2/sparql?query=PREFIX%20%20mission:%20%3Chttp://example.com/tutorial2/vocabulary/mission%23%3E%0APREFIX%20%20rdfs:%20%3Chttp://www.w3.org/2000/01/rdf-schema%23%3E%0APREFIX%20%20base:%20%3Chttp://example.com/tutorial2/vocabulary/base%23%3E%0APREFIX%20%20oml:%20%20%3Chttp://opencaesar.io/oml%23%3E%0A%0ASELECT%20DISTINCT%20%20?r_id%20?c_name%20?i_name%0AWHERE%0A%20%20%7B%20?r%20%20%20%20a%20%20%20%20%20%20%20%20%20%20%20%20%20%20%20%20%20%20%20%20%20mission:Requirement%20%3B%0A%20%20%20%20%20%20%20%20%20%20base:hasIdentifier%20%20%20%20?r_id%20%3B%0A%20%20%20%20%20%20%20%20%20%20mission:specifies%20%20%20%20%20_:b0%20.%0A%20%20%20%20_:b0%20%20a%20%20%20%20%20%20%20%20%20%20%20%20%20%20%20%20%20%20%20%20%20mission:Presents%20%3B%0A%20%20%20%20%20%20%20%20%20%20oml:hasSource%20%20%20%20%20%20%20%20%20_:b1%20.%0A%20%20%20%20_:b1%20%20base:hasCanonicalName%20%20?c_name%20.%0A%20%20%20%20_:b0%20%20oml:hasTarget%20%20%20%20%20%20%20%20%20_:b2%20.%0A%20%20%20%20_:b2%20%20base:hasCanonicalName%20%20?i_name%0A%20%20%7D%0AORDER%20BY%20?r_id%20?c_name%20?i_name%0A
[2024-01-25 17:28:36] Fuseki     INFO  [161] Query = PREFIX  mission: <http://example.com/tutorial2/vocabulary/mission#> PREFIX  rdfs: <http://www.w3.org/2000/01/rdf-schema#> PREFIX  base: <http://example.com/tutorial2/vocabulary/base#> PREFIX  oml:  <http://opencaesar.io/oml#>  SELECT DISTINCT  ?r_id ?c_name ?i_name WHERE   { ?r    a                     mission:Requirement ;           base:hasIdentifier    ?r_id ;           mission:specifies     _:b0 .     _:b0  a                     mission:Presents ;           oml:hasSource         _:b1 .     _:b1  base:hasCanonicalName  ?c_name .     _:b0  oml:hasTarget         _:b2 .     _:b2  base:hasCanonicalName  ?i_name   } ORDER BY ?r_id ?c_name ?i_name 
[2024-01-25 17:28:36] Fuseki     INFO  [161] 200 OK (6 ms)
[2024-01-25 17:28:36] Fuseki     INFO  [162] GET http://localhost:3030/tutorial2/sparql?query=PREFIX%20%20mission:%20%3Chttp://example.com/tutorial2/vocabulary/mission%23%3E%0APREFIX%20%20base:%20%3Chttp://example.com/tutorial2/vocabulary/base%23%3E%0A%0ASELECT%20DISTINCT%20%20?c1_name%20?c2_name%0AWHERE%0A%20%20%7B%20?c1%20%20%20a%20%20%20%20%20%20%20%20%20%20%20%20%20%20%20%20%20%20%20%20%20mission:Component%20%3B%0A%20%20%20%20%20%20%20%20%20%20base:hasCanonicalName%20%20?c1_name%20%3B%0A%20%20%20%20%20%20%20%20%20%20mission:connectsTo%20%20%20%20_:b0%20.%0A%20%20%20%20_:b0%20%20base:hasCanonicalName%20%20?c2_name%0A%20%20%7D%0AORDER%20BY%20?c1_name%20?c2_name%0A
[2024-01-25 17:28:36] Fuseki     INFO  [162] Query = PREFIX  mission: <http://example.com/tutorial2/vocabulary/mission#> PREFIX  base: <http://example.com/tutorial2/vocabulary/base#>  SELECT DISTINCT  ?c1_name ?c2_name WHERE   { ?c1   a                     mission:Component ;           base:hasCanonicalName  ?c1_name ;           mission:connectsTo    _:b0 .     _:b0  base:hasCanonicalName  ?c2_name   } ORDER BY ?c1_name ?c2_name 
[2024-01-25 17:28:36] Fuseki     INFO  [163] GET http://localhost:3030/tutorial2/sparql?query=PREFIX%20%20mission:%20%3Chttp://example.com/tutorial2/vocabulary/mission%23%3E%0APREFIX%20%20base:%20%3Chttp://example.com/tutorial2/vocabulary/base%23%3E%0A%0ASELECT%20DISTINCT%20%20?o1_id%20?o1_name%20?o2_id%20?o2_name%0AWHERE%0A%20%20%7B%20?o1%20%20%20a%20%20%20%20%20%20%20%20%20%20%20%20%20%20%20%20%20%20%20%20%20mission:Objective%20%3B%0A%20%20%20%20%20%20%20%20%20%20base:hasIdentifier%20%20%20%20?o1_id%20%3B%0A%20%20%20%20%20%20%20%20%20%20base:hasCanonicalName%20%20?o1_name%20%3B%0A%20%20%20%20%20%20%20%20%20%20base:aggregates%20%20%20%20%20%20%20_:b0%20.%0A%20%20%20%20_:b0%20%20base:hasIdentifier%20%20%20%20?o2_id%20%3B%0A%20%20%20%20%20%20%20%20%20%20base:hasCanonicalName%20%20?o2_name%0A%20%20%7D%0AORDER%20BY%20?o1_id%20?o2_id%0A
[2024-01-25 17:28:36] Fuseki     INFO  [163] Query = PREFIX  mission: <http://example.com/tutorial2/vocabulary/mission#> PREFIX  base: <http://example.com/tutorial2/vocabulary/base#>  SELECT DISTINCT  ?o1_id ?o1_name ?o2_id ?o2_name WHERE   { ?o1   a                     mission:Objective ;           base:hasIdentifier    ?o1_id ;           base:hasCanonicalName  ?o1_name ;           base:aggregates       _:b0 .     _:b0  base:hasIdentifier    ?o2_id ;           base:hasCanonicalName  ?o2_name   } ORDER BY ?o1_id ?o2_id 
[2024-01-25 17:28:36] Fuseki     INFO  [164] GET http://localhost:3030/tutorial2/sparql?query=PREFIX%20%20mission:%20%3Chttp://example.com/tutorial2/vocabulary/mission%23%3E%0APREFIX%20%20vim4:%20%3Chttp://bipm.org/jcgm/vim4%23%3E%0APREFIX%20%20base:%20%3Chttp://example.com/tutorial2/vocabulary/base%23%3E%0A%0ASELECT%20DISTINCT%20%20?c1_id%20?c1_name%20?c1_mass%20?c2_id%20?c2_name%0AWHERE%0A%20%20%7B%20?c1%20%20a%20%20%20%20%20%20%20%20%20%20%20%20%20%20%20%20%20%20%20%20%20mission:Component%20%3B%0A%20%20%20%20%20%20%20%20%20base:hasIdentifier%20%20%20%20?c1_id%20%3B%0A%20%20%20%20%20%20%20%20%20base:hasCanonicalName%20%20?c1_name%0A%20%20%20%20OPTIONAL%0A%20%20%20%20%20%20%7B%20?c1%20%20base:isContainedIn%20%20%20%20?c2%20.%0A%20%20%20%20%20%20%20%20?c2%20%20base:hasIdentifier%20%20%20%20?c2_id%20%3B%0A%20%20%20%20%20%20%20%20%20%20%20%20%20base:hasCanonicalName%20%20?c2_name%0A%20%20%20%20%20%20%7D%0A%20%20%20%20OPTIONAL%0A%20%20%20%20%20%20%7B%20?c1_mass_mag%20%20vim4:characterizes%20%20?c1%20%3B%0A%20%20%20%20%20%20%20%20%20%20%20%20%20%20%20%20%20%20vim4:hasDoubleNumber%20%20?c1_mass%0A%20%20%20%20%20%20%7D%0A%20%20%7D%0AORDER%20BY%20?c1_id%20?c2_id%0A
[2024-01-25 17:28:36] Fuseki     INFO  [164] Query = PREFIX  mission: <http://example.com/tutorial2/vocabulary/mission#> PREFIX  vim4: <http://bipm.org/jcgm/vim4#> PREFIX  base: <http://example.com/tutorial2/vocabulary/base#>  SELECT DISTINCT  ?c1_id ?c1_name ?c1_mass ?c2_id ?c2_name WHERE   { ?c1  a                     mission:Component ;          base:hasIdentifier    ?c1_id ;          base:hasCanonicalName  ?c1_name     OPTIONAL       { ?c1  base:isContainedIn    ?c2 .         ?c2  base:hasIdentifier    ?c2_id ;              base:hasCanonicalName  ?c2_name       }     OPTIONAL       { ?c1_mass_mag  vim4:characterizes  ?c1 ;                   vim4:hasDoubleNumber  ?c1_mass       }   } ORDER BY ?c1_id ?c2_id 
[2024-01-25 17:28:36] Fuseki     INFO  [162] 200 OK (3 ms)
[2024-01-25 17:28:36] Fuseki     INFO  [164] 200 OK (9 ms)
[2024-01-25 17:28:36] Fuseki     INFO  [163] 200 OK (9 ms)
